# JRE version: OpenJDK Runtime Environment (8.0_152-b01) (build 1.8.0_152-release-1024-b01)
# Java VM: OpenJDK 64-Bit Server VM (25.152-b01 mixed mode linux-amd64 compressed oops)
Heap:
 PSYoungGen      total 355328K, used 26087K [0x00000000e0000000, 0x00000000f7480000, 0x0000000100000000)
  eden space 329216K, 0% used [0x00000000e0000000,0x00000000e0000000,0x00000000f4180000)
  from space 26112K, 99% used [0x00000000f4180000,0x00000000f5af9ca0,0x00000000f5b00000)
  to   space 23040K, 0% used [0x00000000f5e00000,0x00000000f5e00000,0x00000000f7480000)
 ParOldGen       total 113152K, used 112928K [0x00000000a0000000, 0x00000000a6e80000, 0x00000000e0000000)
  object space 113152K, 99% used [0x00000000a0000000,0x00000000a6e483d8,0x00000000a6e80000)
 Metaspace       used 85119K, capacity 89172K, committed 89472K, reserved 1126400K
  class space    used 10958K, capacity 11780K, committed 11904K, reserved 1048576K
GC Heap History (10 events):
Event: 4293.667 GC heap after
Heap after GC invocations=19 (full 3):
 PSYoungGen      total 202240K, used 20757K [0x00000000e0000000, 0x00000000f2d00000, 0x0000000100000000)
  eden space 177152K, 0% used [0x00000000e0000000,0x00000000e0000000,0x00000000ead00000)
  from space 25088K, 82% used [0x00000000ec980000,0x00000000eddc5760,0x00000000ee200000)
  to   space 29184K, 0% used [0x00000000ead00000,0x00000000ead00000,0x00000000ec980000)
 ParOldGen       total 96256K, used 53217K [0x00000000a0000000, 0x00000000a5e00000, 0x00000000e0000000)
  object space 96256K, 55% used [0x00000000a0000000,0x00000000a33f86f8,0x00000000a5e00000)
 Metaspace       used 74351K, capacity 77174K, committed 77440K, reserved 1116160K
  class space    used 9653K, capacity 10301K, committed 10368K, reserved 1048576K
}
Event: 4293.737 GC heap before
{Heap before GC invocations=20 (full 3):
 PSYoungGen      total 202240K, used 197211K [0x00000000e0000000, 0x00000000f2d00000, 0x0000000100000000)
  eden space 177152K, 99% used [0x00000000e0000000,0x00000000eac51638,0x00000000ead00000)
  from space 25088K, 82% used [0x00000000ec980000,0x00000000eddc5760,0x00000000ee200000)
  to   space 29184K, 0% used [0x00000000ead00000,0x00000000ead00000,0x00000000ec980000)
 ParOldGen       total 96256K, used 53217K [0x00000000a0000000, 0x00000000a5e00000, 0x00000000e0000000)
  object space 96256K, 55% used [0x00000000a0000000,0x00000000a33f86f8,0x00000000a5e00000)
 Metaspace       used 74358K, capacity 77174K, committed 77440K, reserved 1116160K
  class space    used 9653K, capacity 10301K, committed 10368K, reserved 1048576K
Event: 4293.829 GC heap after
Heap after GC invocations=20 (full 3):
 PSYoungGen      total 206336K, used 10978K [0x00000000e0000000, 0x00000000f2480000, 0x0000000100000000)
  eden space 177152K, 0% used [0x00000000e0000000,0x00000000e0000000,0x00000000ead00000)
  from space 29184K, 37% used [0x00000000ead00000,0x00000000eb7b8930,0x00000000ec980000)
  to   space 27648K, 0% used [0x00000000f0980000,0x00000000f0980000,0x00000000f2480000)
 ParOldGen       total 96256K, used 61636K [0x00000000a0000000, 0x00000000a5e00000, 0x00000000e0000000)
  object space 96256K, 64% used [0x00000000a0000000,0x00000000a3c31238,0x00000000a5e00000)
 Metaspace       used 74358K, capacity 77174K, committed 77440K, reserved 1116160K
  class space    used 9653K, capacity 10301K, committed 10368K, reserved 1048576K
}
Event: 4338.204 GC heap before
{Heap before GC invocations=21 (full 3):
 PSYoungGen      total 206336K, used 188130K [0x00000000e0000000, 0x00000000f2480000, 0x0000000100000000)
  eden space 177152K, 100% used [0x00000000e0000000,0x00000000ead00000,0x00000000ead00000)
  from space 29184K, 37% used [0x00000000ead00000,0x00000000eb7b8930,0x00000000ec980000)
  to   space 27648K, 0% used [0x00000000f0980000,0x00000000f0980000,0x00000000f2480000)
 ParOldGen       total 96256K, used 61636K [0x00000000a0000000, 0x00000000a5e00000, 0x00000000e0000000)
  object space 96256K, 64% used [0x00000000a0000000,0x00000000a3c31238,0x00000000a5e00000)
 Metaspace       used 75598K, capacity 78478K, committed 78592K, reserved 1118208K
  class space    used 9791K, capacity 10475K, committed 10496K, reserved 1048576K
Event: 4339.858 GC heap after
Heap after GC invocations=21 (full 3):
 PSYoungGen      total 269824K, used 5324K [0x00000000e0000000, 0x00000000f2380000, 0x0000000100000000)
  eden space 243200K, 0% used [0x00000000e0000000,0x00000000e0000000,0x00000000eed80000)
  from space 26624K, 19% used [0x00000000f0980000,0x00000000f0eb3030,0x00000000f2380000)
  to   space 27648K, 0% used [0x00000000eed80000,0x00000000eed80000,0x00000000f0880000)
 ParOldGen       total 96256K, used 71344K [0x00000000a0000000, 0x00000000a5e00000, 0x00000000e0000000)
  object space 96256K, 74% used [0x00000000a0000000,0x00000000a45ac030,0x00000000a5e00000)
 Metaspace       used 75598K, capacity 78478K, committed 78592K, reserved 1118208K
  class space    used 9791K, capacity 10475K, committed 10496K, reserved 1048576K
}
Event: 4364.124 GC heap before
{Heap before GC invocations=22 (full 3):
 PSYoungGen      total 269824K, used 248524K [0x00000000e0000000, 0x00000000f2380000, 0x0000000100000000)
  eden space 243200K, 100% used [0x00000000e0000000,0x00000000eed80000,0x00000000eed80000)
  from space 26624K, 19% used [0x00000000f0980000,0x00000000f0eb3030,0x00000000f2380000)
  to   space 27648K, 0% used [0x00000000eed80000,0x00000000eed80000,0x00000000f0880000)
 ParOldGen       total 96256K, used 71344K [0x00000000a0000000, 0x00000000a5e00000, 0x00000000e0000000)
  object space 96256K, 74% used [0x00000000a0000000,0x00000000a45ac030,0x00000000a5e00000)
 Metaspace       used 83629K, capacity 87538K, committed 87808K, reserved 1126400K
  class space    used 10842K, capacity 11657K, committed 11776K, reserved 1048576K
Event: 4364.180 GC heap after
Heap after GC invocations=22 (full 3):
 PSYoungGen      total 270848K, used 13756K [0x00000000e0000000, 0x00000000f7800000, 0x0000000100000000)
  eden space 243200K, 0% used [0x00000000e0000000,0x00000000e0000000,0x00000000eed80000)
  from space 27648K, 49% used [0x00000000eed80000,0x00000000efaef240,0x00000000f0880000)
  to   space 26624K, 0% used [0x00000000f5e00000,0x00000000f5e00000,0x00000000f7800000)
 ParOldGen       total 96256K, used 72895K [0x00000000a0000000, 0x00000000a5e00000, 0x00000000e0000000)
  object space 96256K, 75% used [0x00000000a0000000,0x00000000a472ff10,0x00000000a5e00000)
 Metaspace       used 83629K, capacity 87538K, committed 87808K, reserved 1126400K
  class space    used 10842K, capacity 11657K, committed 11776K, reserved 1048576K
}
Event: 4368.681 GC heap before
{Heap before GC invocations=23 (full 3):
 PSYoungGen      total 270848K, used 256956K [0x00000000e0000000, 0x00000000f7800000, 0x0000000100000000)
  eden space 243200K, 100% used [0x00000000e0000000,0x00000000eed80000,0x00000000eed80000)
  from space 27648K, 49% used [0x00000000eed80000,0x00000000efaef240,0x00000000f0880000)
  to   space 26624K, 0% used [0x00000000f5e00000,0x00000000f5e00000,0x00000000f7800000)
 ParOldGen       total 96256K, used 72895K [0x00000000a0000000, 0x00000000a5e00000, 0x00000000e0000000)
  object space 96256K, 75% used [0x00000000a0000000,0x00000000a472ff10,0x00000000a5e00000)
 Metaspace       used 84067K, capacity 88046K, committed 88320K, reserved 1126400K
  class space    used 10862K, capacity 11689K, committed 11776K, reserved 1048576K
Event: 4368.755 GC heap after
Heap after GC invocations=23 (full 3):
 PSYoungGen      total 352256K, used 13576K [0x00000000e0000000, 0x00000000f7480000, 0x0000000100000000)
  eden space 329216K, 0% used [0x00000000e0000000,0x00000000e0000000,0x00000000f4180000)
  from space 23040K, 58% used [0x00000000f5e00000,0x00000000f6b42128,0x00000000f7480000)
  to   space 26112K, 0% used [0x00000000f4180000,0x00000000f4180000,0x00000000f5b00000)
 ParOldGen       total 96256K, used 75604K [0x00000000a0000000, 0x00000000a5e00000, 0x00000000e0000000)
  object space 96256K, 78% used [0x00000000a0000000,0x00000000a49d5020,0x00000000a5e00000)
 Metaspace       used 84067K, capacity 88046K, committed 88320K, reserved 1126400K
  class space    used 10862K, capacity 11689K, committed 11776K, reserved 1048576K
}
Event: 4382.761 GC heap before
{Heap before GC invocations=24 (full 3):
 PSYoungGen      total 352256K, used 342792K [0x00000000e0000000, 0x00000000f7480000, 0x0000000100000000)
  eden space 329216K, 100% used [0x00000000e0000000,0x00000000f4180000,0x00000000f4180000)
  from space 23040K, 58% used [0x00000000f5e00000,0x00000000f6b42128,0x00000000f7480000)
  to   space 26112K, 0% used [0x00000000f4180000,0x00000000f4180000,0x00000000f5b00000)
 ParOldGen       total 96256K, used 75604K [0x00000000a0000000, 0x00000000a5e00000, 0x00000000e0000000)
  object space 96256K, 78% used [0x00000000a0000000,0x00000000a49d5020,0x00000000a5e00000)
 Metaspace       used 85119K, capacity 89172K, committed 89472K, reserved 1126400K
  class space    used 10958K, capacity 11780K, committed 11904K, reserved 1048576K

